This file contains any messages produced by compilers while
running configure, to aid debugging if configure makes a mistake.

It was created by configure, which was
generated by GNU Autoconf 2.63.  Invocation command line was

  $ ./configure --with-php-config=/usr/bin/php-config

## --------- ##
## Platform. ##
## --------- ##

hostname = 192-168-20-55
uname -m = x86_64
uname -r = 2.6.32-642.el6.x86_64
uname -s = Linux
uname -v = #1 SMP Tue May 10 17:27:01 UTC 2016

/usr/bin/uname -p = unknown
/bin/uname -X     = unknown

/bin/arch              = x86_64
/usr/bin/arch -k       = unknown
/usr/convex/getsysinfo = unknown
/usr/bin/hostinfo      = unknown
/bin/machine           = unknown
/usr/bin/oslevel       = unknown
/bin/universe          = unknown

PATH: /usr/local/sbin
PATH: /usr/local/bin
PATH: /sbin
PATH: /bin
PATH: /usr/sbin
PATH: /usr/bin
PATH: /root/bin


## ----------- ##
## Core tests. ##
## ----------- ##

configure:1985: checking for grep that handles long lines and -e
configure:2045: result: /bin/grep
configure:2050: checking for egrep
configure:2114: result: /bin/grep -E
configure:2119: checking for a sed that does not truncate output
configure:2185: result: /bin/sed
configure:2324: checking for cc
configure:2340: found /usr/bin/cc
configure:2351: result: cc
configure:2385: checking for C compiler version
configure:2393: cc --version >&5
cc (GCC) 4.4.7 20120313 (Red Hat 4.4.7-18)
Copyright (C) 2010 Free Software Foundation, Inc.
This is free software; see the source for copying conditions.  There is NO
warranty; not even for MERCHANTABILITY or FITNESS FOR A PARTICULAR PURPOSE.

configure:2397: $? = 0
configure:2404: cc -v >&5
Using built-in specs.
Target: x86_64-redhat-linux
Configured with: ../configure --prefix=/usr --mandir=/usr/share/man --infodir=/usr/share/info --with-bugurl=http://bugzilla.redhat.com/bugzilla --enable-bootstrap --enable-shared --enable-threads=posix --enable-checking=release --with-system-zlib --enable-__cxa_atexit --disable-libunwind-exceptions --enable-gnu-unique-object --enable-languages=c,c++,objc,obj-c++,java,fortran,ada --enable-java-awt=gtk --disable-dssi --with-java-home=/usr/lib/jvm/java-1.5.0-gcj-1.5.0.0/jre --enable-libgcj-multifile --enable-java-maintainer-mode --with-ecj-jar=/usr/share/java/eclipse-ecj.jar --disable-libjava-multilib --with-ppl --with-cloog --with-tune=generic --with-arch_32=i686 --build=x86_64-redhat-linux
Thread model: posix
gcc version 4.4.7 20120313 (Red Hat 4.4.7-18) (GCC) 
configure:2408: $? = 0
configure:2415: cc -V >&5
cc: '-V' option must have argument
configure:2419: $? = 1
configure:2442: checking for C compiler default output file name
configure:2464: cc    conftest.c  >&5
configure:2468: $? = 0
configure:2506: result: a.out
configure:2525: checking whether the C compiler works
configure:2535: ./a.out
configure:2539: $? = 0
configure:2558: result: yes
configure:2565: checking whether we are cross compiling
configure:2567: result: no
configure:2570: checking for suffix of executables
configure:2577: cc -o conftest    conftest.c  >&5
configure:2581: $? = 0
configure:2607: result: 
configure:2613: checking for suffix of object files
configure:2639: cc -c   conftest.c >&5
configure:2643: $? = 0
configure:2668: result: o
configure:2672: checking whether we are using the GNU C compiler
configure:2701: cc -c   conftest.c >&5
configure:2708: $? = 0
configure:2725: result: yes
configure:2734: checking whether cc accepts -g
configure:2764: cc -c -g  conftest.c >&5
configure:2771: $? = 0
configure:2872: result: yes
configure:2889: checking for cc option to accept ISO C89
configure:2963: cc  -c -g -O2  conftest.c >&5
configure:2970: $? = 0
configure:2993: result: none needed
configure:3017: checking how to run the C preprocessor
configure:3057: cc -E  conftest.c
configure:3064: $? = 0
configure:3095: cc -E  conftest.c
conftest.c:8:28: error: ac_nonexistent.h: No such file or directory
configure:3102: $? = 1
configure: failed program was:
| /* confdefs.h.  */
| #define PACKAGE_NAME ""
| #define PACKAGE_TARNAME ""
| #define PACKAGE_VERSION ""
| #define PACKAGE_STRING ""
| #define PACKAGE_BUGREPORT ""
| /* end confdefs.h.  */
| #include <ac_nonexistent.h>
configure:3135: result: cc -E
configure:3164: cc -E  conftest.c
configure:3171: $? = 0
configure:3202: cc -E  conftest.c
conftest.c:8:28: error: ac_nonexistent.h: No such file or directory
configure:3209: $? = 1
configure: failed program was:
| /* confdefs.h.  */
| #define PACKAGE_NAME ""
| #define PACKAGE_TARNAME ""
| #define PACKAGE_VERSION ""
| #define PACKAGE_STRING ""
| #define PACKAGE_BUGREPORT ""
| /* end confdefs.h.  */
| #include <ac_nonexistent.h>
configure:3251: checking for icc
configure:3264: result: no
configure:3278: checking for suncc
configure:3291: result: no
configure:3309: checking whether cc understands -c and -o together
configure:3341: cc -c conftest.c -o conftest2.o >&5
configure:3345: $? = 0
configure:3351: cc -c conftest.c -o conftest2.o >&5
configure:3355: $? = 0
configure:3410: result: yes
configure:3426: checking for system library directory
configure:3441: result: lib
configure:3448: checking if compiler supports -R
configure:3477: cc -o conftest -g -O2   conftest.c -R /usr/lib  >&5
cc: unrecognized option '-R'
/usr/lib: file not recognized: Is a directory
collect2: ld returned 1 exit status
configure:3484: $? = 1
configure: failed program was:
| /* confdefs.h.  */
| #define PACKAGE_NAME ""
| #define PACKAGE_TARNAME ""
| #define PACKAGE_VERSION ""
| #define PACKAGE_STRING ""
| #define PACKAGE_BUGREPORT ""
| /* end confdefs.h.  */
| 
| int
| main ()
| {
| 
|   ;
|   return 0;
| }
configure:3506: result: no
configure:3511: checking if compiler supports -Wl,-rpath,
configure:3540: cc -o conftest -g -O2   conftest.c -Wl,-rpath,/usr/lib  >&5
configure:3547: $? = 0
configure:3569: result: yes
configure:3618: checking build system type
configure:3636: result: x86_64-unknown-linux-gnu
configure:3658: checking host system type
configure:3673: result: x86_64-unknown-linux-gnu
configure:3695: checking target system type
configure:3710: result: x86_64-unknown-linux-gnu
configure:3819: checking for PHP prefix
configure:3821: result: /usr
configure:3823: checking for PHP includes
configure:3825: result: -I/usr/include/php -I/usr/include/php/main -I/usr/include/php/TSRM -I/usr/include/php/Zend -I/usr/include/php/ext -I/usr/include/php/ext/date/lib
configure:3827: checking for PHP extension directory
configure:3829: result: /usr/lib64/php/modules
configure:3831: checking for PHP installed headers prefix
configure:3833: result: /usr/include/php
configure:3836: checking if debug is enabled
configure:3866: result: no
configure:3869: checking if zts is enabled
configure:3899: result: no
configure:3970: checking for re2c
configure:3986: found /usr/bin/re2c
configure:3997: result: re2c
configure:4006: checking for re2c version
configure:4020: result: 0.13.5 (ok)
configure:4039: checking for gawk
configure:4056: found /bin/gawk
configure:4067: result: gawk
configure:4114: checking whether to enable phalcon
configure:4153: result: yes, shared
configure:4544: checking whether HAVE_BUNDLED_PCRE is declared
configure:4575: cc -c -g -O2  -I/usr/include/php -I/usr/include/php/main -I/usr/include/php/TSRM -I/usr/include/php/Zend -I/usr/include/php/ext -I/usr/include/php/ext/date/lib conftest.c >&5
configure:4582: $? = 0
configure:4597: result: yes
configure:4605: checking for ext/pcre/php_pcre.h
configure:4627: cc -c -g -O2  -I/usr/include/php -I/usr/include/php/main -I/usr/include/php/TSRM -I/usr/include/php/Zend -I/usr/include/php/ext -I/usr/include/php/ext/date/lib conftest.c >&5
configure:4634: $? = 0
configure:4651: result: yes
configure:4705: checking whether HAVE_JSON is declared
configure:4736: cc -c -g -O2  -I/usr/include/php -I/usr/include/php/main -I/usr/include/php/TSRM -I/usr/include/php/Zend -I/usr/include/php/ext -I/usr/include/php/ext/date/lib conftest.c >&5
configure:4743: $? = 0
configure:4758: result: yes
configure:4766: checking for ext/json/php_json.h
configure:4788: cc -c -g -O2  -I/usr/include/php -I/usr/include/php/main -I/usr/include/php/TSRM -I/usr/include/php/Zend -I/usr/include/php/ext -I/usr/include/php/ext/date/lib conftest.c >&5
configure:4795: $? = 0
configure:4812: result: yes
configure:4926: checking for a sed that does not truncate output
configure:4992: result: /bin/sed
configure:5010: checking for fgrep
configure:5074: result: /bin/grep -F
configure:5109: checking for ld used by cc
configure:5176: result: /usr/bin/ld
configure:5185: checking if the linker (/usr/bin/ld) is GNU ld
configure:5200: result: yes
configure:5212: checking for BSD- or MS-compatible name lister (nm)
configure:5261: result: /usr/bin/nm -B
configure:5379: checking the name lister (/usr/bin/nm -B) interface
configure:5386: cc -c -g -O2  conftest.c >&5
configure:5389: /usr/bin/nm -B "conftest.o"
configure:5392: output
0000000000000000 B some_variable
configure:5399: result: BSD nm
configure:5402: checking whether ln -s works
configure:5406: result: yes
configure:5414: checking the maximum length of command line arguments
configure:5534: result: 1966080
configure:5551: checking whether the shell understands some XSI constructs
configure:5561: result: yes
configure:5565: checking whether the shell understands "+="
configure:5571: result: yes
configure:5606: checking for /usr/bin/ld option to reload object files
configure:5613: result: -r
configure:5682: checking for objdump
configure:5698: found /usr/bin/objdump
configure:5709: result: objdump
configure:5741: checking how to recognize dependent libraries
configure:5937: result: pass_all
configure:5997: checking for ar
configure:6013: found /usr/bin/ar
configure:6024: result: ar
configure:6102: checking for strip
configure:6118: found /usr/bin/strip
configure:6129: result: strip
configure:6201: checking for ranlib
configure:6217: found /usr/bin/ranlib
configure:6228: result: ranlib
configure:6318: checking command to parse /usr/bin/nm -B output from cc object
configure:6436: cc -c -g -O2  conftest.c >&5
configure:6439: $? = 0
configure:6443: /usr/bin/nm -B conftest.o \| sed -n -e 's/^.*[	 ]\([ABCDGIRSTW][ABCDGIRSTW]*\)[	 ][	 ]*\([_A-Za-z][_A-Za-z0-9]*\)$/\1 \2 \2/p' \> conftest.nm
configure:6446: $? = 0
configure:6500: cc -o conftest -g -O2   conftest.c conftstm.o >&5
configure:6503: $? = 0
configure:6541: result: ok
configure:6636: cc -c -g -O2  conftest.c >&5
configure:6639: $? = 0
configure:7402: checking for ANSI C header files
configure:7432: cc -c -g -O2  conftest.c >&5
configure:7439: $? = 0
configure:7538: cc -o conftest -g -O2   conftest.c  >&5
configure:7542: $? = 0
configure:7548: ./conftest
configure:7552: $? = 0
configure:7570: result: yes
configure:7594: checking for sys/types.h
configure:7615: cc -c -g -O2  conftest.c >&5
configure:7622: $? = 0
configure:7639: result: yes
configure:7594: checking for sys/stat.h
configure:7615: cc -c -g -O2  conftest.c >&5
configure:7622: $? = 0
configure:7639: result: yes
configure:7594: checking for stdlib.h
configure:7615: cc -c -g -O2  conftest.c >&5
configure:7622: $? = 0
configure:7639: result: yes
configure:7594: checking for string.h
configure:7615: cc -c -g -O2  conftest.c >&5
configure:7622: $? = 0
configure:7639: result: yes
configure:7594: checking for memory.h
configure:7615: cc -c -g -O2  conftest.c >&5
configure:7622: $? = 0
configure:7639: result: yes
configure:7594: checking for strings.h
configure:7615: cc -c -g -O2  conftest.c >&5
configure:7622: $? = 0
configure:7639: result: yes
configure:7594: checking for inttypes.h
configure:7615: cc -c -g -O2  conftest.c >&5
configure:7622: $? = 0
configure:7639: result: yes
configure:7594: checking for stdint.h
configure:7615: cc -c -g -O2  conftest.c >&5
configure:7622: $? = 0
configure:7639: result: yes
configure:7594: checking for unistd.h
configure:7615: cc -c -g -O2  conftest.c >&5
configure:7622: $? = 0
configure:7639: result: yes
configure:7657: checking for dlfcn.h
configure:7678: cc -c -g -O2  conftest.c >&5
configure:7685: $? = 0
configure:7702: result: yes
configure:7888: checking for objdir
configure:7903: result: .libs
configure:8199: checking if cc supports -fno-rtti -fno-exceptions
configure:8217: cc -c -g -O2  -fno-rtti -fno-exceptions conftest.c >&5
cc1: warning: command line option "-fno-rtti" is valid for C++/ObjC++ but not for C
configure:8221: $? = 0
configure:8234: result: no
configure:8254: checking for cc option to produce PIC
configure:8526: result: -fPIC -DPIC
configure:8538: checking if cc PIC flag -fPIC -DPIC works
configure:8556: cc -c -g -O2  -fPIC -DPIC -DPIC conftest.c >&5
configure:8560: $? = 0
configure:8573: result: yes
configure:8597: checking if cc static flag -static works
configure:8625: result: no
configure:8640: checking if cc supports -c -o file.o
configure:8661: cc -c -g -O2  -o out/conftest2.o conftest.c >&5
configure:8665: $? = 0
configure:8687: result: yes
configure:8695: checking if cc supports -c -o file.o
configure:8742: result: yes
configure:8775: checking whether the cc linker (/usr/bin/ld -m elf_x86_64) supports shared libraries
configure:9849: result: yes
configure:9886: checking whether -lc should be explicitly linked in
configure:9891: cc -c -g -O2  conftest.c >&5
configure:9894: $? = 0
configure:9909: cc -shared conftest.o  -v -Wl,-soname -Wl,conftest -o conftest 2\>\&1 \| /bin/grep  -lc  \>/dev/null 2\>\&1
configure:9912: $? = 0
configure:9924: result: no
configure:10088: checking dynamic linker characteristics
configure:10531: cc -o conftest -g -O2   -Wl,-rpath -Wl,/foo conftest.c  >&5
configure:10538: $? = 0
configure:10774: result: GNU/Linux ld.so
configure:10876: checking how to hardcode library paths into programs
configure:10901: result: immediate
configure:11734: checking whether stripping libraries is possible
configure:11739: result: yes
configure:11774: checking if libtool supports shared libraries
configure:11776: result: yes
configure:11779: checking whether to build shared libraries
configure:11800: result: yes
configure:11803: checking whether to build static libraries
configure:11807: result: no
configure:12069: creating ./config.status

## ---------------------- ##
## Running config.status. ##
## ---------------------- ##

This file was extended by config.status, which was
generated by GNU Autoconf 2.63.  Invocation command line was

  CONFIG_FILES    = 
  CONFIG_HEADERS  = 
  CONFIG_LINKS    = 
  CONFIG_COMMANDS = 
  $ ./config.status 

on 192-168-20-55

config.status:806: creating config.h
config.status:940: config.h is unchanged
config.status:958: executing libtool commands

## ---------------- ##
## Cache variables. ##
## ---------------- ##

ac_cv_build=x86_64-unknown-linux-gnu
ac_cv_c_compiler_gnu=yes
ac_cv_env_CC_set=
ac_cv_env_CC_value=
ac_cv_env_CFLAGS_set=
ac_cv_env_CFLAGS_value=
ac_cv_env_CPPFLAGS_set=
ac_cv_env_CPPFLAGS_value=
ac_cv_env_CPP_set=
ac_cv_env_CPP_value=
ac_cv_env_LDFLAGS_set=
ac_cv_env_LDFLAGS_value=
ac_cv_env_LIBS_set=
ac_cv_env_LIBS_value=
ac_cv_env_build_alias_set=
ac_cv_env_build_alias_value=
ac_cv_env_host_alias_set=
ac_cv_env_host_alias_value=
ac_cv_env_target_alias_set=
ac_cv_env_target_alias_value=
ac_cv_have_decl_HAVE_BUNDLED_PCRE=yes
ac_cv_have_decl_HAVE_JSON=yes
ac_cv_header_dlfcn_h=yes
ac_cv_header_ext_json_php_json_h=yes
ac_cv_header_ext_pcre_php_pcre_h=yes
ac_cv_header_inttypes_h=yes
ac_cv_header_memory_h=yes
ac_cv_header_stdc=yes
ac_cv_header_stdint_h=yes
ac_cv_header_stdlib_h=yes
ac_cv_header_string_h=yes
ac_cv_header_strings_h=yes
ac_cv_header_sys_stat_h=yes
ac_cv_header_sys_types_h=yes
ac_cv_header_unistd_h=yes
ac_cv_host=x86_64-unknown-linux-gnu
ac_cv_objext=o
ac_cv_path_EGREP='/bin/grep -E'
ac_cv_path_FGREP='/bin/grep -F'
ac_cv_path_GREP=/bin/grep
ac_cv_path_SED=/bin/sed
ac_cv_prog_AWK=gawk
ac_cv_prog_CPP='cc -E'
ac_cv_prog_RE2C=re2c
ac_cv_prog_ac_ct_AR=ar
ac_cv_prog_ac_ct_CC=cc
ac_cv_prog_ac_ct_OBJDUMP=objdump
ac_cv_prog_ac_ct_RANLIB=ranlib
ac_cv_prog_ac_ct_STRIP=strip
ac_cv_prog_cc_c89=
ac_cv_prog_cc_cc_c_o=yes
ac_cv_prog_cc_g=yes
ac_cv_target=x86_64-unknown-linux-gnu
lt_cv_deplibs_check_method=pass_all
lt_cv_file_magic_cmd='$MAGIC_CMD'
lt_cv_file_magic_test_file=
lt_cv_ld_reload_flag=-r
lt_cv_nm_interface='BSD nm'
lt_cv_objdir=.libs
lt_cv_path_LD=/usr/bin/ld
lt_cv_path_NM='/usr/bin/nm -B'
lt_cv_prog_compiler_c_o=yes
lt_cv_prog_compiler_pic_works=yes
lt_cv_prog_compiler_rtti_exceptions=no
lt_cv_prog_compiler_static_works=no
lt_cv_prog_gnu_ld=yes
lt_cv_sys_global_symbol_pipe='sed -n -e '\''s/^.*[	 ]\([ABCDGIRSTW][ABCDGIRSTW]*\)[	 ][	 ]*\([_A-Za-z][_A-Za-z0-9]*\)$/\1 \2 \2/p'\'''
lt_cv_sys_global_symbol_to_c_name_address='sed -n -e '\''s/^: \([^ ]*\) $/  {\"\1\", (void *) 0},/p'\'' -e '\''s/^[ABCDGIRSTW]* \([^ ]*\) \([^ ]*\)$/  {"\2", (void *) \&\2},/p'\'''
lt_cv_sys_global_symbol_to_c_name_address_lib_prefix='sed -n -e '\''s/^: \([^ ]*\) $/  {\"\1\", (void *) 0},/p'\'' -e '\''s/^[ABCDGIRSTW]* \([^ ]*\) \(lib[^ ]*\)$/  {"\2", (void *) \&\2},/p'\'' -e '\''s/^[ABCDGIRSTW]* \([^ ]*\) \([^ ]*\)$/  {"lib\2", (void *) \&\2},/p'\'''
lt_cv_sys_global_symbol_to_cdecl='sed -n -e '\''s/^T .* \(.*\)$/extern int \1();/p'\'' -e '\''s/^[ABCDGIRSTW]* .* \(.*\)$/extern char \1;/p'\'''
lt_cv_sys_max_cmd_len=1966080
php_cv_cc_dashr=no
php_cv_cc_rpath=yes
php_cv_re2c_version='0.13.5 (ok)'

## ----------------- ##
## Output variables. ##
## ----------------- ##

AR='ar'
AWK='gawk'
CC='cc'
CFLAGS='-g -O2'
CONFIGURE_COMMAND=' '\''./configure'\''  '\''--with-php-config=/usr/bin/php-config'\'''
CONFIGURE_OPTIONS=' '\''--with-php-config=/usr/bin/php-config'\'''
CPP='cc -E'
CPPFLAGS=' -DHAVE_CONFIG_H'
DEFS='-DHAVE_CONFIG_H'
DSYMUTIL=''
DUMPBIN=''
ECHO_C=''
ECHO_N='-n'
ECHO_T=''
EGREP='/bin/grep -E'
EXEEXT=''
FGREP='/bin/grep -F'
GREP='/bin/grep'
LD='/usr/bin/ld -m elf_x86_64'
LDFLAGS=''
LIBOBJS=''
LIBS=''
LIBTOOL='$(SHELL) $(top_builddir)/libtool'
LIPO=''
LN_S='ln -s'
LTLIBOBJS=''
NM='/usr/bin/nm -B'
NMEDIT=''
OBJDUMP='objdump'
OBJEXT='o'
OTOOL64=''
OTOOL=''
PACKAGE_BUGREPORT=''
PACKAGE_NAME=''
PACKAGE_STRING=''
PACKAGE_TARNAME=''
PACKAGE_VERSION=''
PATH_SEPARATOR=':'
RANLIB='ranlib'
RE2C='re2c'
SED='/bin/sed'
SHELL='/bin/sh'
SHLIB_DL_SUFFIX_NAME='so'
SHLIB_SUFFIX_NAME='so'
STRIP='strip'
ac_ct_CC='cc'
ac_ct_DUMPBIN=''
bindir='${exec_prefix}/bin'
build='x86_64-unknown-linux-gnu'
build_alias=''
build_cpu='x86_64'
build_os='linux-gnu'
build_vendor='unknown'
datadir='${datarootdir}'
datarootdir='${prefix}/share'
docdir='${datarootdir}/doc/${PACKAGE}'
dvidir='${docdir}'
exec_prefix='$(prefix)'
host='x86_64-unknown-linux-gnu'
host_alias='x86_64-unknown-linux-gnu'
host_cpu='x86_64'
host_os='linux-gnu'
host_vendor='unknown'
htmldir='${docdir}'
includedir='${prefix}/include'
infodir='${datarootdir}/info'
libdir='${exec_prefix}/lib'
libexecdir='${exec_prefix}/libexec'
localedir='${datarootdir}/locale'
localstatedir='${prefix}/var'
lt_ECHO='echo'
mandir='${datarootdir}/man'
oldincludedir='/usr/include'
pdfdir='${docdir}'
prefix='/usr'
program_transform_name='s,x,x,'
psdir='${docdir}'
sbindir='${exec_prefix}/sbin'
sharedstatedir='${prefix}/com'
sysconfdir='${prefix}/etc'
target='x86_64-unknown-linux-gnu'
target_alias=''
target_cpu='x86_64'
target_os='linux-gnu'
target_vendor='unknown'

## ----------- ##
## confdefs.h. ##
## ----------- ##

#define PACKAGE_NAME ""
#define PACKAGE_TARNAME ""
#define PACKAGE_VERSION ""
#define PACKAGE_STRING ""
#define PACKAGE_BUGREPORT ""
#define HAVE_PHALCON 1
#define COMPILE_DL_PHALCON 1
#define HAVE_EXT_PCRE_PHP_PCRE_H 1
#define ZEPHIR_USE_PHP_PCRE 1
#define HAVE_EXT_JSON_PHP_JSON_H 1
#define ZEPHIR_USE_PHP_JSON 1
#define STDC_HEADERS 1
#define HAVE_SYS_TYPES_H 1
#define HAVE_SYS_STAT_H 1
#define HAVE_STDLIB_H 1
#define HAVE_STRING_H 1
#define HAVE_MEMORY_H 1
#define HAVE_STRINGS_H 1
#define HAVE_INTTYPES_H 1
#define HAVE_STDINT_H 1
#define HAVE_UNISTD_H 1
#define HAVE_DLFCN_H 1
#define LT_OBJDIR ".libs/"

configure: exit 0
